INFO 2019-04-28 22:40:27,973 - beginning
INFO 2019-04-28 22:40:27,975 - calculating the triangles
INFO 2019-04-28 22:40:28,006 - start
INFO 2019-04-28 22:40:28,097 - keep best
INFO 2019-04-28 22:40:28,109 - select
INFO 2019-04-28 22:40:28,255 - breed
INFO 2019-04-28 22:40:28,273 - start
INFO 2019-04-28 22:40:28,367 - keep best
INFO 2019-04-28 22:40:28,379 - select
INFO 2019-04-28 22:40:28,534 - breed
INFO 2019-04-28 22:40:28,553 - start
INFO 2019-04-28 22:40:28,644 - keep best
INFO 2019-04-28 22:40:28,656 - select
INFO 2019-04-28 22:40:28,778 - breed
INFO 2019-04-28 22:40:28,795 - start
INFO 2019-04-28 22:40:28,888 - keep best
INFO 2019-04-28 22:40:28,899 - select
INFO 2019-04-28 22:40:29,044 - breed
INFO 2019-04-28 22:40:29,062 - start
INFO 2019-04-28 22:40:29,154 - keep best
INFO 2019-04-28 22:40:29,165 - select
INFO 2019-04-28 22:40:29,350 - breed
INFO 2019-04-28 22:40:29,366 - start
INFO 2019-04-28 22:40:29,453 - keep best
INFO 2019-04-28 22:40:29,466 - select
INFO 2019-04-28 22:40:29,641 - breed
INFO 2019-04-28 22:40:29,661 - start
INFO 2019-04-28 22:40:29,750 - keep best
INFO 2019-04-28 22:40:29,763 - select
INFO 2019-04-28 22:40:29,899 - breed
INFO 2019-04-28 22:40:29,917 - start
INFO 2019-04-28 22:40:30,008 - keep best
INFO 2019-04-28 22:40:30,020 - select
INFO 2019-04-28 22:40:30,201 - breed
INFO 2019-04-28 22:40:30,218 - start
INFO 2019-04-28 22:40:30,303 - keep best
INFO 2019-04-28 22:40:30,314 - select
INFO 2019-04-28 22:40:30,452 - breed
INFO 2019-04-28 22:40:30,469 - start
INFO 2019-04-28 22:40:30,557 - keep best
INFO 2019-04-28 22:40:30,568 - select
INFO 2019-04-28 22:40:30,754 - breed
INFO 2019-04-28 22:40:30,772 - start
INFO 2019-04-28 22:40:30,859 - keep best
INFO 2019-04-28 22:40:30,871 - select
INFO 2019-04-28 22:40:31,024 - breed
INFO 2019-04-28 22:40:31,042 - start
INFO 2019-04-28 22:40:31,134 - keep best
INFO 2019-04-28 22:40:31,146 - select
INFO 2019-04-28 22:40:31,291 - breed
INFO 2019-04-28 22:40:31,308 - start
INFO 2019-04-28 22:40:31,394 - keep best
INFO 2019-04-28 22:40:31,405 - select
INFO 2019-04-28 22:40:31,574 - breed
INFO 2019-04-28 22:40:31,591 - start
INFO 2019-04-28 22:40:31,680 - keep best
INFO 2019-04-28 22:40:31,692 - select
INFO 2019-04-28 22:40:31,883 - breed
INFO 2019-04-28 22:40:31,900 - start
INFO 2019-04-28 22:40:31,986 - keep best
INFO 2019-04-28 22:40:31,997 - select
INFO 2019-04-28 22:40:32,192 - breed
INFO 2019-04-28 22:40:32,211 - start
INFO 2019-04-28 22:40:32,302 - keep best
INFO 2019-04-28 22:40:32,313 - select
INFO 2019-04-28 22:40:32,447 - breed
INFO 2019-04-28 22:40:32,465 - start
INFO 2019-04-28 22:40:32,556 - keep best
INFO 2019-04-28 22:40:32,569 - select
INFO 2019-04-28 22:40:32,769 - breed
INFO 2019-04-28 22:40:32,786 - start
INFO 2019-04-28 22:40:32,873 - keep best
INFO 2019-04-28 22:40:32,885 - select
INFO 2019-04-28 22:40:33,046 - breed
